15:03:25 [INFO] 翻譯快取載入完成，共 685 筆記錄。
15:03:25 [INFO] ── 檢查 CMD 更新 ──
15:03:25 [INFO] CMD 偵測到更新（或輸出檔不存在），開始處理...
15:03:25 [INFO] CMD 翻譯進度：1–30/985
15:03:25 [INFO] CMD 翻譯進度：31–60/985
15:03:25 [INFO] CMD 翻譯進度：61–90/985
15:03:25 [INFO] CMD 翻譯進度：91–120/985
15:03:25 [INFO] CMD 翻譯進度：121–150/985
15:03:25 [INFO] CMD 翻譯進度：151–180/985
15:03:25 [INFO] CMD 翻譯進度：181–210/985
15:03:25 [INFO] CMD 翻譯進度：211–240/985
15:03:25 [INFO] CMD 翻譯進度：241–270/985
15:03:25 [INFO] CMD 翻譯進度：271–300/985
15:03:25 [INFO] CMD 翻譯進度：301–330/985
15:03:25 [INFO] CMD 翻譯進度：331–360/985
15:03:25 [INFO] CMD 翻譯進度：361–390/985
15:03:25 [INFO] CMD 翻譯進度：391–420/985
15:03:25 [INFO] CMD 翻譯進度：421–450/985
15:03:25 [INFO] CMD 翻譯進度：451–480/985
15:03:25 [INFO] CMD 翻譯進度：481–510/985
15:03:25 [INFO] CMD 翻譯進度：511–540/985
15:03:25 [INFO] CMD 翻譯進度：541–570/985
15:03:25 [INFO] CMD 翻譯進度：571–600/985
15:03:25 [INFO] CMD 翻譯進度：601–630/985
15:03:25 [INFO] CMD 翻譯進度：631–660/985
15:03:25 [INFO] CMD 翻譯進度：661–690/985
15:03:25 [INFO] CMD 翻譯進度：691–720/985
15:03:25 [INFO] CMD 翻譯進度：721–750/985
15:03:25 [INFO] CMD 翻譯進度：751–780/985
15:03:25 [INFO] CMD 翻譯進度：781–810/985
15:03:25 [INFO] CMD 翻譯進度：811–840/985
15:03:25 [INFO] CMD 翻譯進度：841–870/985
15:03:25 [INFO] CMD 翻譯進度：871–900/985
15:03:25 [INFO] CMD 翻譯進度：901–930/985
15:03:25 [INFO] CMD 翻譯進度：931–960/985
15:03:25 [INFO] CMD 翻譯進度：961–985/985
15:03:25 [INFO] CMD 已寫入 → MAS_AIO_TW.cmd
15:03:25 [INFO] ── 檢查 PS1 更新 ──
15:03:25 [INFO] PS1 偵測到更新（或輸出檔不存在），開始處理...
15:03:25 [INFO] PS1 翻譯進度：1–22/22
15:03:25 [INFO] PS1 已寫入 → MAS_AIO_TW.ps1
15:03:25 [INFO] 翻譯快取已儲存，共 685 筆記錄。
15:03:25 [INFO] 全部處理完成。
15:20:32 [INFO] 翻譯快取載入完成，共 685 筆記錄。
15:20:32 [INFO] ── 檢查 CMD 更新 ──
15:20:32 [INFO] CMD 偵測到更新（或輸出檔不存在），開始處理...
15:20:32 [INFO] CMD 翻譯進度：1–30/985
15:20:32 [INFO] CMD 翻譯進度：31–60/985
15:20:32 [INFO] CMD 翻譯進度：61–90/985
15:20:32 [INFO] CMD 翻譯進度：91–120/985
15:20:32 [INFO] CMD 翻譯進度：121–150/985
15:20:32 [INFO] CMD 翻譯進度：151–180/985
15:20:32 [INFO] CMD 翻譯進度：181–210/985
15:20:32 [INFO] CMD 翻譯進度：211–240/985
15:20:32 [INFO] CMD 翻譯進度：241–270/985
15:20:32 [INFO] CMD 翻譯進度：271–300/985
15:20:32 [INFO] CMD 翻譯進度：301–330/985
15:20:32 [INFO] CMD 翻譯進度：331–360/985
15:20:32 [INFO] CMD 翻譯進度：361–390/985
15:20:32 [INFO] CMD 翻譯進度：391–420/985
15:20:32 [INFO] CMD 翻譯進度：421–450/985
15:20:32 [INFO] CMD 翻譯進度：451–480/985
15:20:32 [INFO] CMD 翻譯進度：481–510/985
15:20:32 [INFO] CMD 翻譯進度：511–540/985
15:20:32 [INFO] CMD 翻譯進度：541–570/985
15:20:32 [INFO] CMD 翻譯進度：571–600/985
15:20:32 [INFO] CMD 翻譯進度：601–630/985
15:20:32 [INFO] CMD 翻譯進度：631–660/985
15:20:32 [INFO] CMD 翻譯進度：661–690/985
15:20:32 [INFO] CMD 翻譯進度：691–720/985
15:20:32 [INFO] CMD 翻譯進度：721–750/985
15:20:32 [INFO] CMD 翻譯進度：751–780/985
15:20:32 [INFO] CMD 翻譯進度：781–810/985
15:20:32 [INFO] CMD 翻譯進度：811–840/985
15:20:32 [INFO] CMD 翻譯進度：841–870/985
15:20:32 [INFO] CMD 翻譯進度：871–900/985
15:20:32 [INFO] CMD 翻譯進度：901–930/985
15:20:32 [INFO] CMD 翻譯進度：931–960/985
15:20:32 [INFO] CMD 翻譯進度：961–985/985
15:20:32 [INFO] CMD 已寫入 → MAS_AIO_TW.cmd
15:20:32 [INFO] ── 檢查 PS1 更新 ──
15:20:32 [INFO] PS1 偵測到更新（或輸出檔不存在），開始處理...
15:20:32 [INFO] PS1 翻譯進度：1–22/22
15:20:32 [INFO] PS1 已寫入 → MAS_AIO_TW.ps1
15:20:32 [INFO] 翻譯快取已儲存，共 685 筆記錄。
15:20:32 [INFO] 全部處理完成。
